[INFO] Scanning for projects...
[INFO] 
[INFO] ------------------< com.scms:smart-complaint-system >-------------------
[INFO] Building Smart Complaint Management System 1.0.0
[INFO]   from pom.xml
[INFO] --------------------------------[ jar ]---------------------------------
[INFO] 
[INFO] --- clean:3.3.2:clean (default-clean) @ smart-complaint-system ---
[INFO] Deleting /home/ghost/project/smart-complaint-system/target
[INFO] 
[INFO] --- resources:3.3.1:resources (default-resources) @ smart-complaint-system ---
[INFO] Copying 0 resource from src/main/resources to target/classes
[INFO] Copying 9 resources from src/main/resources to target/classes
[INFO] 
[INFO] --- compiler:3.11.0:compile (default-compile) @ smart-complaint-system ---
[INFO] Changes detected - recompiling the module! :source
[INFO] Compiling 22 source files with javac [debug release 17] to target/classes
[WARNING] /home/ghost/project/smart-complaint-system/src/main/java/com/scms/config/SecurityConfig.java:[15,13] csrf() in org.springframework.security.config.annotation.web.builders.HttpSecurity has been deprecated and marked for removal
[INFO] 
[INFO] --- resources:3.3.1:testResources (default-testResources) @ smart-complaint-system ---
[INFO] skip non existing resourceDirectory /home/ghost/project/smart-complaint-system/src/test/resources
[INFO] 
[INFO] --- compiler:3.11.0:testCompile (default-testCompile) @ smart-complaint-system ---
[INFO] No sources to compile
[INFO] 
[INFO] --- surefire:3.1.2:test (default-test) @ smart-complaint-system ---
[INFO] Tests are skipped.
[INFO] 
[INFO] --- jar:3.3.0:jar (default-jar) @ smart-complaint-system ---
[INFO] Building jar: /home/ghost/project/smart-complaint-system/target/smart-complaint-system-1.0.0.jar
[INFO] 
[INFO] --- spring-boot:3.2.5:repackage (repackage) @ smart-complaint-system ---
[INFO] Replacing main artifact /home/ghost/project/smart-complaint-system/target/smart-complaint-system-1.0.0.jar with repackaged archive, adding nested dependencies in BOOT-INF/.
[INFO] The original artifact has been renamed to /home/ghost/project/smart-complaint-system/target/smart-complaint-system-1.0.0.jar.original
[INFO] ------------------------------------------------------------------------
[INFO] BUILD SUCCESS
[INFO] ------------------------------------------------------------------------
[INFO] Total time:  9.629 s
[INFO] Finished at: 2026-04-19T11:02:11+05:30
[INFO] ------------------------------------------------------------------------
